time="2026-03-18T22:15:45+08:00" level=info msg="Reading configuration file C:\\Users\\Administrator/.cpolar/cpolar.yml"
time="2026-03-18T22:15:45+08:00" level=info msg="Reading configuration file C:\\Users\\Administrator/.cpolar/cpolar.yml"
time="2026-03-18T22:15:45+08:00" level=info msg="[:client] Trusting root CAs: [tls/cpolarroot.crt]"
time="2026-03-18T22:15:45+08:00" level=info msg="Dial:current try times 0"
time="2026-03-18T22:15:45+08:00" level=info msg="currentDNSServer = SYSTEM_DNS"
time="2026-03-18T22:15:45+08:00" level=info msg="[:view] [:website] Serving website interface on 127.0.0.1:4041"
time="2026-03-18T22:15:46+08:00" level=info msg="[:client] Authenticated with switch server, client id: 74806ef848f5b18f30abc90fcae5ee88"
time="2026-03-18T22:15:46+08:00" level=info msg="[:tunnel server module] Trusting root CAs: [tls/cpolarroot.crt]"
time="2026-03-18T22:15:46+08:00" level=info msg="Dial:current try times 0"
time="2026-03-18T22:15:46+08:00" level=info msg="currentDNSServer = SYSTEM_DNS"
time="2026-03-18T22:15:48+08:00" level=info msg="[:tunnel server module] Authenticated with tunnel server, client id: 74806ef848f5b18f30abc90fcae5ee88"
time="2026-03-18T22:15:48+08:00" level=info msg="Dial:current try times 0"
time="2026-03-18T22:15:48+08:00" level=info msg="currentDNSServer = SYSTEM_DNS"
time="2026-03-18T22:15:54+08:00" level=info msg="[:tunnel server module] Tunnel established at http://1567bfc4.r18.vip.cpolar.cn"
time="2026-03-18T22:15:54+08:00" level=info msg="[:tunnel server module] Tunnel established at https://1567bfc4.r18.vip.cpolar.cn"
time="2026-03-18T22:16:24+08:00" level=info msg="Dial:current try times 0"
time="2026-03-18T22:16:24+08:00" level=info msg="currentDNSServer = SYSTEM_DNS"
time="2026-03-18T22:16:24+08:00" level=info msg="Dial:current try times 0"
time="2026-03-18T22:16:24+08:00" level=info msg="currentDNSServer = SYSTEM_DNS"
time="2026-03-18T22:16:24+08:00" level=info msg="[prv:prv:157eb7dc] Joined with connection pxy:5d0c4259"
time="2026-03-18T22:16:25+08:00" level=info msg="Dial:current try times 0"
time="2026-03-18T22:16:25+08:00" level=info msg="currentDNSServer = SYSTEM_DNS"
time="2026-03-18T22:16:25+08:00" level=info msg="Dial:current try times 0"
time="2026-03-18T22:16:25+08:00" level=info msg="currentDNSServer = SYSTEM_DNS"
time="2026-03-18T22:16:25+08:00" level=info msg="Dial:current try times 0"
time="2026-03-18T22:16:25+08:00" level=info msg="currentDNSServer = SYSTEM_DNS"
time="2026-03-18T22:16:25+08:00" level=info msg="[prv:prv:37b15c2d] Joined with connection pxy:18429499"
time="2026-03-18T22:16:30+08:00" level=info msg="[prv:prv:157eb7dc] Close with connection pxy:5d0c4259"
time="2026-03-18T22:16:31+08:00" level=info msg="[prv:prv:37b15c2d] Close with connection pxy:18429499"
time="2026-03-18T22:16:36+08:00" level=info msg="Dial:current try times 0"
time="2026-03-18T22:16:36+08:00" level=info msg="currentDNSServer = SYSTEM_DNS"
time="2026-03-18T22:16:36+08:00" level=info msg="[prv:prv:14ba378d] Joined with connection pxy:2007d1a"
time="2026-03-18T22:16:36+08:00" level=info msg="Dial:current try times 0"
time="2026-03-18T22:16:36+08:00" level=info msg="currentDNSServer = SYSTEM_DNS"
time="2026-03-18T22:16:42+08:00" level=info msg="[prv:prv:14ba378d] Close with connection pxy:2007d1a"
time="2026-03-18T22:17:10+08:00" level=error msg="[pxy:pxy:5a0c09c6] Server failed to read StartProxy: read tcp 192.168.1.3:53871->47.243.78.83:4443: i/o timeout"
time="2026-03-18T22:17:21+08:00" level=error msg="[pxy:pxy:75abe693] Server failed to read StartProxy: read tcp 192.168.1.3:65305->47.243.78.83:4443: i/o timeout"
time="2026-03-18T22:18:25+08:00" level=info msg="Dial:current try times 0"
time="2026-03-18T22:18:25+08:00" level=info msg="currentDNSServer = SYSTEM_DNS"
time="2026-03-18T22:18:26+08:00" level=info msg="Dial:current try times 0"
time="2026-03-18T22:18:26+08:00" level=info msg="currentDNSServer = SYSTEM_DNS"
time="2026-03-18T22:18:26+08:00" level=info msg="Dial:current try times 0"
time="2026-03-18T22:18:26+08:00" level=info msg="currentDNSServer = SYSTEM_DNS"
time="2026-03-18T22:18:26+08:00" level=info msg="[prv:prv:1d628d70] Joined with connection pxy:6c33e7f8"
time="2026-03-18T22:18:26+08:00" level=info msg="Dial:current try times 0"
time="2026-03-18T22:18:26+08:00" level=info msg="currentDNSServer = SYSTEM_DNS"
time="2026-03-18T22:18:26+08:00" level=info msg="[prv:prv:34af3013] Joined with connection pxy:5a77c439"
time="2026-03-18T22:18:26+08:00" level=info msg="Dial:current try times 0"
time="2026-03-18T22:18:26+08:00" level=info msg="currentDNSServer = SYSTEM_DNS"
time="2026-03-18T22:18:26+08:00" level=info msg="Dial:current try times 0"
time="2026-03-18T22:18:26+08:00" level=info msg="currentDNSServer = SYSTEM_DNS"
time="2026-03-18T22:18:26+08:00" level=info msg="Dial:current try times 0"
time="2026-03-18T22:18:26+08:00" level=info msg="currentDNSServer = SYSTEM_DNS"
time="2026-03-18T22:18:26+08:00" level=info msg="Dial:current try times 0"
time="2026-03-18T22:18:26+08:00" level=info msg="currentDNSServer = SYSTEM_DNS"
time="2026-03-18T22:18:26+08:00" level=info msg="[prv:prv:164f630] Joined with connection pxy:30bd48f0"
time="2026-03-18T22:18:26+08:00" level=info msg="Dial:current try times 0"
time="2026-03-18T22:18:26+08:00" level=info msg="currentDNSServer = SYSTEM_DNS"
time="2026-03-18T22:18:26+08:00" level=info msg="Dial:current try times 0"
time="2026-03-18T22:18:26+08:00" level=info msg="currentDNSServer = SYSTEM_DNS"
time="2026-03-18T22:18:26+08:00" level=info msg="[prv:prv:cc5e4da] Joined with connection pxy:4b9966cd"
time="2026-03-18T22:18:26+08:00" level=info msg="Dial:current try times 0"
time="2026-03-18T22:18:26+08:00" level=info msg="currentDNSServer = SYSTEM_DNS"
time="2026-03-18T22:18:32+08:00" level=info msg="[prv:prv:1d628d70] Close with connection pxy:6c33e7f8"
time="2026-03-18T22:18:32+08:00" level=info msg="[prv:prv:34af3013] Close with connection pxy:5a77c439"
time="2026-03-18T22:18:32+08:00" level=info msg="[prv:prv:164f630] Close with connection pxy:30bd48f0"
time="2026-03-18T22:18:32+08:00" level=info msg="[prv:prv:cc5e4da] Close with connection pxy:4b9966cd"
time="2026-03-18T22:18:40+08:00" level=info msg="Dial:current try times 0"
time="2026-03-18T22:18:40+08:00" level=info msg="currentDNSServer = SYSTEM_DNS"
time="2026-03-18T22:18:40+08:00" level=info msg="Dial:current try times 0"
time="2026-03-18T22:18:40+08:00" level=info msg="currentDNSServer = SYSTEM_DNS"
time="2026-03-18T22:18:40+08:00" level=info msg="[prv:prv:5ef1372a] Joined with connection pxy:2bcbf762"
time="2026-03-18T22:18:46+08:00" level=info msg="[prv:prv:5ef1372a] Close with connection pxy:2bcbf762"
time="2026-03-18T22:19:11+08:00" level=error msg="[pxy:pxy:1f22b458] Server failed to read StartProxy: read tcp 192.168.1.3:49729->47.243.78.83:4443: i/o timeout"
time="2026-03-18T22:19:12+08:00" level=error msg="[pxy:pxy:1faf126] Server failed to read StartProxy: read tcp 192.168.1.3:49731->47.243.78.83:4443: i/o timeout"
time="2026-03-18T22:19:25+08:00" level=error msg="[pxy:pxy:13c35b73] Server failed to read StartProxy: read tcp 192.168.1.3:60638->47.243.78.83:4443: i/o timeout"
time="2026-03-18T22:19:35+08:00" level=info msg="Dial:current try times 0"
time="2026-03-18T22:19:35+08:00" level=info msg="currentDNSServer = SYSTEM_DNS"
time="2026-03-18T22:19:36+08:00" level=info msg="Dial:current try times 0"
time="2026-03-18T22:19:36+08:00" level=info msg="currentDNSServer = SYSTEM_DNS"
time="2026-03-18T22:19:36+08:00" level=info msg="Dial:current try times 0"
time="2026-03-18T22:19:36+08:00" level=info msg="currentDNSServer = SYSTEM_DNS"
time="2026-03-18T22:19:36+08:00" level=info msg="[prv:prv:54ab6b5d] Joined with connection pxy:15271c4e"
time="2026-03-18T22:19:42+08:00" level=info msg="[prv:prv:54ab6b5d] Close with connection pxy:15271c4e"
time="2026-03-18T22:20:21+08:00" level=error msg="[pxy:pxy:b63c572] Server failed to read StartProxy: read tcp 192.168.1.3:61536->47.243.78.83:4443: i/o timeout"
time="2026-03-18T22:27:11+08:00" level=info msg="Dial:current try times 0"
time="2026-03-18T22:27:11+08:00" level=info msg="currentDNSServer = SYSTEM_DNS"
time="2026-03-18T22:27:12+08:00" level=info msg="Dial:current try times 0"
time="2026-03-18T22:27:12+08:00" level=info msg="currentDNSServer = SYSTEM_DNS"
time="2026-03-18T22:27:12+08:00" level=info msg="Dial:current try times 0"
time="2026-03-18T22:27:12+08:00" level=info msg="currentDNSServer = SYSTEM_DNS"
time="2026-03-18T22:27:12+08:00" level=info msg="[prv:prv:3ae9eed8] Joined with connection pxy:1c161ea8"
time="2026-03-18T22:27:19+08:00" level=info msg="[prv:prv:3ae9eed8] Close with connection pxy:1c161ea8"
time="2026-03-18T22:27:57+08:00" level=error msg="[pxy:pxy:253cca82] Server failed to read StartProxy: read tcp 192.168.1.3:63118->47.243.78.83:4443: i/o timeout"
time="2026-03-18T23:29:33+08:00" level=info msg="Dial:current try times 0"
time="2026-03-18T23:29:33+08:00" level=info msg="currentDNSServer = SYSTEM_DNS"
time="2026-03-18T23:29:33+08:00" level=info msg="Dial:current try times 0"
time="2026-03-18T23:29:33+08:00" level=info msg="currentDNSServer = SYSTEM_DNS"
time="2026-03-18T23:29:33+08:00" level=info msg="Dial:current try times 0"
time="2026-03-18T23:29:33+08:00" level=info msg="currentDNSServer = SYSTEM_DNS"
time="2026-03-18T23:29:35+08:00" level=warning msg="[pxy:pxy:4ebd5de2] Failed to open private leg http://localhost:3000: dial tcp 127.0.0.1:3000: connectex: No connection could be made because the target machine actively refused it."
time="2026-03-18T23:29:53+08:00" level=info msg="Dial:current try times 0"
time="2026-03-18T23:29:53+08:00" level=info msg="currentDNSServer = SYSTEM_DNS"
time="2026-03-18T23:29:53+08:00" level=info msg="Dial:current try times 0"
time="2026-03-18T23:29:53+08:00" level=info msg="currentDNSServer = SYSTEM_DNS"
time="2026-03-18T23:29:55+08:00" level=warning msg="[pxy:pxy:414c6f77] Failed to open private leg http://localhost:3000: dial tcp 127.0.0.1:3000: connectex: No connection could be made because the target machine actively refused it."
time="2026-03-18T23:30:38+08:00" level=error msg="[pxy:pxy:e2a4df7] Server failed to read StartProxy: read tcp 192.168.1.3:54669->47.243.78.83:4443: i/o timeout"
time="2026-03-18T23:49:37+08:00" level=info msg="Dial:current try times 0"
time="2026-03-18T23:49:37+08:00" level=info msg="currentDNSServer = SYSTEM_DNS"
time="2026-03-18T23:49:37+08:00" level=info msg="Dial:current try times 0"
time="2026-03-18T23:49:37+08:00" level=info msg="currentDNSServer = SYSTEM_DNS"
time="2026-03-18T23:49:37+08:00" level=info msg="Dial:current try times 0"
time="2026-03-18T23:49:37+08:00" level=info msg="currentDNSServer = SYSTEM_DNS"
time="2026-03-18T23:49:39+08:00" level=warning msg="[pxy:pxy:4fa0e324] Failed to open private leg http://localhost:3000: dial tcp 127.0.0.1:3000: connectex: No connection could be made because the target machine actively refused it."
time="2026-03-18T23:50:22+08:00" level=error msg="[pxy:pxy:57350606] Server failed to read StartProxy: read tcp 192.168.1.3:55117->47.243.78.83:4443: i/o timeout"
time="2026-03-18T23:54:44+08:00" level=info msg="Dial:current try times 0"
time="2026-03-18T23:54:44+08:00" level=info msg="currentDNSServer = SYSTEM_DNS"
time="2026-03-18T23:54:45+08:00" level=info msg="Dial:current try times 0"
time="2026-03-18T23:54:45+08:00" level=info msg="currentDNSServer = SYSTEM_DNS"
time="2026-03-18T23:54:47+08:00" level=info msg="Dial:current try times 0"
time="2026-03-18T23:54:47+08:00" level=info msg="currentDNSServer = SYSTEM_DNS"
time="2026-03-18T23:54:47+08:00" level=warning msg="[pxy:pxy:454bc730] Failed to open private leg http://localhost:3000: dial tcp 127.0.0.1:3000: connectex: No connection could be made because the target machine actively refused it."
time="2026-03-18T23:55:32+08:00" level=error msg="[pxy:pxy:34e016dc] Server failed to read StartProxy: read tcp 192.168.1.3:55224->47.243.78.83:4443: i/o timeout"
time="2026-03-19T10:38:26+08:00" level=error msg="tunnel server control recovering from failure EOF"
time="2026-03-19T10:38:26+08:00" level=error msg="ctl init control func exit"
time="2026-03-19T10:38:26+08:00" level=info msg="Waiting 1 seconds before reconnecting"
time="2026-03-19T10:38:27+08:00" level=info msg="Dial:current try times 0"
time="2026-03-19T10:38:27+08:00" level=info msg="currentDNSServer = SYSTEM_DNS"
time="2026-03-19T10:39:12+08:00" level=error msg="control recovering from failure read tcp 192.168.1.3:56217->47.122.116.74:4443: i/o timeout"
time="2026-03-19T10:39:12+08:00" level=info msg="Waiting 2 seconds before reconnecting"
time="2026-03-19T10:39:14+08:00" level=info msg="Dial:current try times 0"
time="2026-03-19T10:39:14+08:00" level=info msg="currentDNSServer = SYSTEM_DNS"
time="2026-03-19T10:39:21+08:00" level=info msg="[:client] Authenticated with switch server, client id: 74806ef848f5b18f30abc90fcae5ee88"
time="2026-03-19T11:15:22+08:00" level=error msg="control recovering from failure EOF"
time="2026-03-19T11:15:22+08:00" level=info msg="Waiting 1 seconds before reconnecting"
time="2026-03-19T11:15:23+08:00" level=info msg="Dial:current try times 0"
time="2026-03-19T11:15:23+08:00" level=info msg="currentDNSServer = SYSTEM_DNS"
time="2026-03-19T11:15:23+08:00" level=error msg="TimeOut Error"
time="2026-03-19T11:15:23+08:00" level=info msg="[:client] Authenticated with switch server, client id: 74806ef848f5b18f30abc90fcae5ee88"
time="2026-03-19T11:22:23+08:00" level=error msg="control recovering from failure EOF"
time="2026-03-19T11:22:23+08:00" level=info msg="Waiting 1 seconds before reconnecting"
time="2026-03-19T11:22:24+08:00" level=info msg="Dial:current try times 0"
time="2026-03-19T11:22:24+08:00" level=info msg="currentDNSServer = SYSTEM_DNS"
time="2026-03-19T11:22:24+08:00" level=error msg="TimeOut Error"
time="2026-03-19T11:22:24+08:00" level=info msg="[:client] Authenticated with switch server, client id: 74806ef848f5b18f30abc90fcae5ee88"
time="2026-03-19T11:59:24+08:00" level=error msg="control recovering from failure EOF"
time="2026-03-19T11:59:24+08:00" level=info msg="Waiting 1 seconds before reconnecting"
time="2026-03-19T11:59:25+08:00" level=info msg="Dial:current try times 0"
time="2026-03-19T11:59:25+08:00" level=info msg="currentDNSServer = SYSTEM_DNS"
time="2026-03-19T11:59:26+08:00" level=error msg="TimeOut Error"
time="2026-03-19T11:59:26+08:00" level=info msg="[:client] Authenticated with switch server, client id: 74806ef848f5b18f30abc90fcae5ee88"
time="2026-03-19T12:01:26+08:00" level=error msg="control recovering from failure EOF"
time="2026-03-19T12:01:26+08:00" level=info msg="Waiting 1 seconds before reconnecting"
time="2026-03-19T12:01:27+08:00" level=info msg="Dial:current try times 0"
time="2026-03-19T12:01:27+08:00" level=info msg="currentDNSServer = SYSTEM_DNS"
time="2026-03-19T12:01:27+08:00" level=error msg="TimeOut Error"
time="2026-03-19T12:01:27+08:00" level=info msg="[:client] Authenticated with switch server, client id: 74806ef848f5b18f30abc90fcae5ee88"
time="2026-03-19T12:09:27+08:00" level=error msg="control recovering from failure EOF"
time="2026-03-19T12:09:27+08:00" level=info msg="Waiting 1 seconds before reconnecting"
time="2026-03-19T12:09:28+08:00" level=info msg="Dial:current try times 0"
time="2026-03-19T12:09:28+08:00" level=info msg="currentDNSServer = SYSTEM_DNS"
time="2026-03-19T12:09:28+08:00" level=error msg="TimeOut Error"
time="2026-03-19T12:09:29+08:00" level=info msg="[:client] Authenticated with switch server, client id: 74806ef848f5b18f30abc90fcae5ee88"
time="2026-03-19T12:20:29+08:00" level=error msg="control recovering from failure EOF"
time="2026-03-19T12:20:29+08:00" level=info msg="Waiting 1 seconds before reconnecting"
time="2026-03-19T12:20:30+08:00" level=info msg="Dial:current try times 0"
time="2026-03-19T12:20:30+08:00" level=info msg="currentDNSServer = SYSTEM_DNS"
time="2026-03-19T12:20:30+08:00" level=error msg="TimeOut Error"
time="2026-03-19T12:20:30+08:00" level=info msg="[:client] Authenticated with switch server, client id: 74806ef848f5b18f30abc90fcae5ee88"
time="2026-03-19T12:22:31+08:00" level=error msg="control recovering from failure EOF"
time="2026-03-19T12:22:31+08:00" level=info msg="Waiting 1 seconds before reconnecting"
time="2026-03-19T12:22:32+08:00" level=info msg="Dial:current try times 0"
time="2026-03-19T12:22:32+08:00" level=info msg="currentDNSServer = SYSTEM_DNS"
time="2026-03-19T12:22:32+08:00" level=error msg="TimeOut Error"
time="2026-03-19T12:22:32+08:00" level=info msg="[:client] Authenticated with switch server, client id: 74806ef848f5b18f30abc90fcae5ee88"
time="2026-03-19T12:51:32+08:00" level=error msg="control recovering from failure EOF"
time="2026-03-19T12:51:32+08:00" level=info msg="Waiting 1 seconds before reconnecting"
time="2026-03-19T12:51:33+08:00" level=info msg="Dial:current try times 0"
time="2026-03-19T12:51:33+08:00" level=info msg="currentDNSServer = SYSTEM_DNS"
time="2026-03-19T12:51:33+08:00" level=error msg="TimeOut Error"
time="2026-03-19T12:51:33+08:00" level=info msg="[:client] Authenticated with switch server, client id: 74806ef848f5b18f30abc90fcae5ee88"
time="2026-03-19T12:57:34+08:00" level=error msg="control recovering from failure EOF"
time="2026-03-19T12:57:34+08:00" level=info msg="Waiting 1 seconds before reconnecting"
time="2026-03-19T12:57:35+08:00" level=info msg="Dial:current try times 0"
time="2026-03-19T12:57:35+08:00" level=info msg="currentDNSServer = SYSTEM_DNS"
time="2026-03-19T12:57:35+08:00" level=error msg="TimeOut Error"
time="2026-03-19T12:57:35+08:00" level=info msg="[:client] Authenticated with switch server, client id: 74806ef848f5b18f30abc90fcae5ee88"
time="2026-03-19T13:06:35+08:00" level=error msg="control recovering from failure EOF"
time="2026-03-19T13:06:35+08:00" level=info msg="Waiting 1 seconds before reconnecting"
time="2026-03-19T13:06:36+08:00" level=info msg="Dial:current try times 0"
time="2026-03-19T13:06:36+08:00" level=info msg="currentDNSServer = SYSTEM_DNS"
time="2026-03-19T13:06:36+08:00" level=error msg="TimeOut Error"
time="2026-03-19T13:06:37+08:00" level=info msg="[:client] Authenticated with switch server, client id: 74806ef848f5b18f30abc90fcae5ee88"
time="2026-03-19T13:19:37+08:00" level=error msg="control recovering from failure EOF"
time="2026-03-19T13:19:37+08:00" level=info msg="Waiting 1 seconds before reconnecting"
time="2026-03-19T13:19:38+08:00" level=info msg="Dial:current try times 0"
time="2026-03-19T13:19:38+08:00" level=info msg="currentDNSServer = SYSTEM_DNS"
time="2026-03-19T13:19:38+08:00" level=error msg="TimeOut Error"
time="2026-03-19T13:19:38+08:00" level=info msg="[:client] Authenticated with switch server, client id: 74806ef848f5b18f30abc90fcae5ee88"
time="2026-03-19T13:28:38+08:00" level=error msg="control recovering from failure EOF"
time="2026-03-19T13:28:38+08:00" level=info msg="Waiting 1 seconds before reconnecting"
time="2026-03-19T13:28:39+08:00" level=info msg="Dial:current try times 0"
time="2026-03-19T13:28:39+08:00" level=info msg="currentDNSServer = SYSTEM_DNS"
time="2026-03-19T13:28:39+08:00" level=error msg="TimeOut Error"
time="2026-03-19T13:28:40+08:00" level=info msg="[:client] Authenticated with switch server, client id: 74806ef848f5b18f30abc90fcae5ee88"
time="2026-03-19T13:35:40+08:00" level=error msg="control recovering from failure EOF"
time="2026-03-19T13:35:40+08:00" level=info msg="Waiting 1 seconds before reconnecting"
time="2026-03-19T13:35:41+08:00" level=info msg="Dial:current try times 0"
time="2026-03-19T13:35:41+08:00" level=info msg="currentDNSServer = SYSTEM_DNS"
time="2026-03-19T13:35:41+08:00" level=error msg="TimeOut Error"
time="2026-03-19T13:35:41+08:00" level=info msg="[:client] Authenticated with switch server, client id: 74806ef848f5b18f30abc90fcae5ee88"
time="2026-03-19T13:51:41+08:00" level=error msg="control recovering from failure EOF"
time="2026-03-19T13:51:41+08:00" level=info msg="Waiting 1 seconds before reconnecting"
time="2026-03-19T13:51:42+08:00" level=info msg="Dial:current try times 0"
time="2026-03-19T13:51:42+08:00" level=info msg="currentDNSServer = SYSTEM_DNS"
time="2026-03-19T13:51:42+08:00" level=error msg="TimeOut Error"
time="2026-03-19T13:51:42+08:00" level=info msg="[:client] Authenticated with switch server, client id: 74806ef848f5b18f30abc90fcae5ee88"
time="2026-03-19T14:11:43+08:00" level=error msg="control recovering from failure EOF"
time="2026-03-19T14:11:43+08:00" level=info msg="Waiting 1 seconds before reconnecting"
time="2026-03-19T14:11:44+08:00" level=info msg="Dial:current try times 0"
time="2026-03-19T14:11:44+08:00" level=info msg="currentDNSServer = SYSTEM_DNS"
time="2026-03-19T14:11:44+08:00" level=error msg="TimeOut Error"
time="2026-03-19T14:11:44+08:00" level=info msg="[:client] Authenticated with switch server, client id: 74806ef848f5b18f30abc90fcae5ee88"
time="2026-03-19T14:26:45+08:00" level=error msg="control recovering from failure EOF"
time="2026-03-19T14:26:45+08:00" level=info msg="Waiting 1 seconds before reconnecting"
time="2026-03-19T14:26:46+08:00" level=info msg="Dial:current try times 0"
time="2026-03-19T14:26:46+08:00" level=info msg="currentDNSServer = SYSTEM_DNS"
time="2026-03-19T14:26:46+08:00" level=error msg="TimeOut Error"
time="2026-03-19T14:26:46+08:00" level=info msg="[:client] Authenticated with switch server, client id: 74806ef848f5b18f30abc90fcae5ee88"
time="2026-03-19T14:32:46+08:00" level=error msg="control recovering from failure EOF"
time="2026-03-19T14:32:46+08:00" level=info msg="Waiting 1 seconds before reconnecting"
time="2026-03-19T14:32:47+08:00" level=info msg="Dial:current try times 0"
time="2026-03-19T14:32:47+08:00" level=info msg="currentDNSServer = SYSTEM_DNS"
time="2026-03-19T14:32:47+08:00" level=error msg="TimeOut Error"
time="2026-03-19T14:32:47+08:00" level=info msg="[:client] Authenticated with switch server, client id: 74806ef848f5b18f30abc90fcae5ee88"
time="2026-03-19T14:49:47+08:00" level=error msg="control recovering from failure EOF"
time="2026-03-19T14:49:47+08:00" level=info msg="Waiting 1 seconds before reconnecting"
time="2026-03-19T14:49:48+08:00" level=info msg="Dial:current try times 0"
time="2026-03-19T14:49:48+08:00" level=info msg="currentDNSServer = SYSTEM_DNS"
time="2026-03-19T14:49:48+08:00" level=error msg="TimeOut Error"
time="2026-03-19T14:49:49+08:00" level=info msg="[:client] Authenticated with switch server, client id: 74806ef848f5b18f30abc90fcae5ee88"
time="2026-03-19T15:17:49+08:00" level=error msg="control recovering from failure EOF"
time="2026-03-19T15:17:49+08:00" level=info msg="Waiting 1 seconds before reconnecting"
time="2026-03-19T15:17:50+08:00" level=info msg="Dial:current try times 0"
time="2026-03-19T15:17:50+08:00" level=info msg="currentDNSServer = SYSTEM_DNS"
time="2026-03-19T15:17:50+08:00" level=error msg="TimeOut Error"
time="2026-03-19T15:17:50+08:00" level=info msg="[:client] Authenticated with switch server, client id: 74806ef848f5b18f30abc90fcae5ee88"
time="2026-03-19T15:20:50+08:00" level=error msg="control recovering from failure EOF"
time="2026-03-19T15:20:50+08:00" level=info msg="Waiting 1 seconds before reconnecting"
time="2026-03-19T15:20:51+08:00" level=info msg="Dial:current try times 0"
time="2026-03-19T15:20:51+08:00" level=info msg="currentDNSServer = SYSTEM_DNS"
time="2026-03-19T15:20:51+08:00" level=error msg="TimeOut Error"
time="2026-03-19T15:20:55+08:00" level=info msg="[:client] Authenticated with switch server, client id: 74806ef848f5b18f30abc90fcae5ee88"
time="2026-03-19T15:23:55+08:00" level=error msg="control recovering from failure EOF"
time="2026-03-19T15:23:55+08:00" level=info msg="Waiting 1 seconds before reconnecting"
time="2026-03-19T15:23:56+08:00" level=info msg="Dial:current try times 0"
time="2026-03-19T15:23:56+08:00" level=info msg="currentDNSServer = SYSTEM_DNS"
time="2026-03-19T15:23:56+08:00" level=error msg="TimeOut Error"
time="2026-03-19T15:23:56+08:00" level=info msg="[:client] Authenticated with switch server, client id: 74806ef848f5b18f30abc90fcae5ee88"
time="2026-03-19T15:27:56+08:00" level=error msg="control recovering from failure EOF"
time="2026-03-19T15:27:56+08:00" level=info msg="Waiting 1 seconds before reconnecting"
time="2026-03-19T15:27:57+08:00" level=info msg="Dial:current try times 0"
time="2026-03-19T15:27:57+08:00" level=info msg="currentDNSServer = SYSTEM_DNS"
time="2026-03-19T15:27:57+08:00" level=error msg="TimeOut Error"
time="2026-03-19T15:28:00+08:00" level=info msg="[:client] Authenticated with switch server, client id: 74806ef848f5b18f30abc90fcae5ee88"
time="2026-03-19T16:25:00+08:00" level=error msg="control recovering from failure EOF"
time="2026-03-19T16:25:00+08:00" level=info msg="Waiting 1 seconds before reconnecting"
time="2026-03-19T16:25:01+08:00" level=info msg="Dial:current try times 0"
time="2026-03-19T16:25:01+08:00" level=info msg="currentDNSServer = SYSTEM_DNS"
time="2026-03-19T16:25:01+08:00" level=error msg="TimeOut Error"
time="2026-03-19T16:25:01+08:00" level=info msg="[:client] Authenticated with switch server, client id: 74806ef848f5b18f30abc90fcae5ee88"
time="2026-03-19T16:42:01+08:00" level=error msg="control recovering from failure EOF"
time="2026-03-19T16:42:01+08:00" level=info msg="Waiting 1 seconds before reconnecting"
time="2026-03-19T16:42:02+08:00" level=info msg="Dial:current try times 0"
time="2026-03-19T16:42:02+08:00" level=info msg="currentDNSServer = SYSTEM_DNS"
time="2026-03-19T16:42:02+08:00" level=error msg="TimeOut Error"
time="2026-03-19T16:42:03+08:00" level=info msg="[:client] Authenticated with switch server, client id: 74806ef848f5b18f30abc90fcae5ee88"
time="2026-03-19T17:04:03+08:00" level=error msg="control recovering from failure EOF"
time="2026-03-19T17:04:03+08:00" level=info msg="Waiting 1 seconds before reconnecting"
time="2026-03-19T17:04:04+08:00" level=info msg="Dial:current try times 0"
time="2026-03-19T17:04:04+08:00" level=info msg="currentDNSServer = SYSTEM_DNS"
time="2026-03-19T17:04:04+08:00" level=error msg="TimeOut Error"
time="2026-03-19T17:04:04+08:00" level=info msg="[:client] Authenticated with switch server, client id: 74806ef848f5b18f30abc90fcae5ee88"
time="2026-03-19T17:21:04+08:00" level=error msg="control recovering from failure EOF"
time="2026-03-19T17:21:04+08:00" level=info msg="Waiting 1 seconds before reconnecting"
time="2026-03-19T17:21:06+08:00" level=info msg="Dial:current try times 0"
time="2026-03-19T17:21:06+08:00" level=info msg="currentDNSServer = SYSTEM_DNS"
time="2026-03-19T17:21:06+08:00" level=error msg="TimeOut Error"
time="2026-03-19T17:21:06+08:00" level=info msg="[:client] Authenticated with switch server, client id: 74806ef848f5b18f30abc90fcae5ee88"
time="2026-03-19T17:35:06+08:00" level=error msg="control recovering from failure EOF"
time="2026-03-19T17:35:06+08:00" level=info msg="Waiting 1 seconds before reconnecting"
time="2026-03-19T17:35:07+08:00" level=info msg="Dial:current try times 0"
time="2026-03-19T17:35:07+08:00" level=info msg="currentDNSServer = SYSTEM_DNS"
time="2026-03-19T17:35:07+08:00" level=error msg="TimeOut Error"
time="2026-03-19T17:35:07+08:00" level=info msg="[:client] Authenticated with switch server, client id: 74806ef848f5b18f30abc90fcae5ee88"
time="2026-03-19T19:28:08+08:00" level=error msg="control recovering from failure EOF"
time="2026-03-19T19:28:08+08:00" level=info msg="Waiting 1 seconds before reconnecting"
time="2026-03-19T19:28:09+08:00" level=info msg="Dial:current try times 0"
time="2026-03-19T19:28:09+08:00" level=info msg="currentDNSServer = SYSTEM_DNS"
time="2026-03-19T19:28:09+08:00" level=error msg="TimeOut Error"
time="2026-03-19T19:28:09+08:00" level=info msg="[:client] Authenticated with switch server, client id: 74806ef848f5b18f30abc90fcae5ee88"
time="2026-03-19T19:31:09+08:00" level=error msg="control recovering from failure EOF"
time="2026-03-19T19:31:09+08:00" level=info msg="Waiting 1 seconds before reconnecting"
time="2026-03-19T19:31:10+08:00" level=info msg="Dial:current try times 0"
time="2026-03-19T19:31:10+08:00" level=info msg="currentDNSServer = SYSTEM_DNS"
time="2026-03-19T19:31:10+08:00" level=error msg="TimeOut Error"
time="2026-03-19T19:31:11+08:00" level=info msg="[:client] Authenticated with switch server, client id: 74806ef848f5b18f30abc90fcae5ee88"
time="2026-03-19T20:01:11+08:00" level=error msg="control recovering from failure EOF"
time="2026-03-19T20:01:11+08:00" level=info msg="Waiting 1 seconds before reconnecting"
time="2026-03-19T20:01:12+08:00" level=info msg="Dial:current try times 0"
time="2026-03-19T20:01:12+08:00" level=info msg="currentDNSServer = SYSTEM_DNS"
time="2026-03-19T20:01:12+08:00" level=error msg="TimeOut Error"
time="2026-03-19T20:01:13+08:00" level=info msg="[:client] Authenticated with switch server, client id: 74806ef848f5b18f30abc90fcae5ee88"
time="2026-03-19T20:06:13+08:00" level=error msg="control recovering from failure EOF"
time="2026-03-19T20:06:13+08:00" level=info msg="Waiting 1 seconds before reconnecting"
time="2026-03-19T20:06:14+08:00" level=info msg="Dial:current try times 0"
time="2026-03-19T20:06:14+08:00" level=info msg="currentDNSServer = SYSTEM_DNS"
time="2026-03-19T20:06:14+08:00" level=error msg="TimeOut Error"
time="2026-03-19T20:06:15+08:00" level=info msg="[:client] Authenticated with switch server, client id: 74806ef848f5b18f30abc90fcae5ee88"
time="2026-03-19T20:20:15+08:00" level=error msg="control recovering from failure EOF"
time="2026-03-19T20:20:15+08:00" level=info msg="Waiting 1 seconds before reconnecting"
time="2026-03-19T20:20:16+08:00" level=info msg="Dial:current try times 0"
time="2026-03-19T20:20:16+08:00" level=info msg="currentDNSServer = SYSTEM_DNS"
time="2026-03-19T20:20:16+08:00" level=error msg="TimeOut Error"
time="2026-03-19T20:20:16+08:00" level=info msg="[:client] Authenticated with switch server, client id: 74806ef848f5b18f30abc90fcae5ee88"
time="2026-03-19T20:23:16+08:00" level=error msg="control recovering from failure EOF"
time="2026-03-19T20:23:16+08:00" level=info msg="Waiting 1 seconds before reconnecting"
time="2026-03-19T20:23:17+08:00" level=info msg="Dial:current try times 0"
time="2026-03-19T20:23:17+08:00" level=info msg="currentDNSServer = SYSTEM_DNS"
time="2026-03-19T20:23:17+08:00" level=error msg="TimeOut Error"
time="2026-03-19T20:23:17+08:00" level=info msg="[:client] Authenticated with switch server, client id: 74806ef848f5b18f30abc90fcae5ee88"
time="2026-03-19T21:15:18+08:00" level=error msg="control recovering from failure EOF"
time="2026-03-19T21:15:18+08:00" level=info msg="Waiting 1 seconds before reconnecting"
time="2026-03-19T21:15:19+08:00" level=info msg="Dial:current try times 0"
time="2026-03-19T21:15:19+08:00" level=info msg="currentDNSServer = SYSTEM_DNS"
time="2026-03-19T21:15:19+08:00" level=error msg="TimeOut Error"
time="2026-03-19T21:15:19+08:00" level=info msg="[:client] Authenticated with switch server, client id: 74806ef848f5b18f30abc90fcae5ee88"
time="2026-03-19T21:30:19+08:00" level=error msg="control recovering from failure EOF"
time="2026-03-19T21:30:19+08:00" level=info msg="Waiting 1 seconds before reconnecting"
time="2026-03-19T21:30:20+08:00" level=info msg="Dial:current try times 0"
time="2026-03-19T21:30:20+08:00" level=info msg="currentDNSServer = SYSTEM_DNS"
time="2026-03-19T21:30:20+08:00" level=error msg="TimeOut Error"
time="2026-03-19T21:30:21+08:00" level=info msg="[:client] Authenticated with switch server, client id: 74806ef848f5b18f30abc90fcae5ee88"
time="2026-03-19T22:08:21+08:00" level=error msg="control recovering from failure EOF"
time="2026-03-19T22:08:21+08:00" level=info msg="Waiting 1 seconds before reconnecting"
time="2026-03-19T22:08:22+08:00" level=info msg="Dial:current try times 0"
time="2026-03-19T22:08:22+08:00" level=info msg="currentDNSServer = SYSTEM_DNS"
time="2026-03-19T22:08:22+08:00" level=error msg="TimeOut Error"
time="2026-03-19T22:08:22+08:00" level=info msg="[:client] Authenticated with switch server, client id: 74806ef848f5b18f30abc90fcae5ee88"
time="2026-03-19T22:27:22+08:00" level=error msg="control recovering from failure EOF"
time="2026-03-19T22:27:22+08:00" level=info msg="Waiting 1 seconds before reconnecting"
time="2026-03-19T22:27:23+08:00" level=info msg="Dial:current try times 0"
time="2026-03-19T22:27:23+08:00" level=info msg="currentDNSServer = SYSTEM_DNS"
time="2026-03-19T22:27:23+08:00" level=error msg="TimeOut Error"
time="2026-03-19T22:27:23+08:00" level=info msg="[:client] Authenticated with switch server, client id: 74806ef848f5b18f30abc90fcae5ee88"
time="2026-03-20T00:27:23+08:00" level=error msg="control recovering from failure EOF"
time="2026-03-20T00:27:23+08:00" level=info msg="Waiting 1 seconds before reconnecting"
time="2026-03-20T00:27:24+08:00" level=info msg="Dial:current try times 0"
time="2026-03-20T00:27:24+08:00" level=info msg="currentDNSServer = SYSTEM_DNS"
time="2026-03-20T00:27:24+08:00" level=error msg="TimeOut Error"
time="2026-03-20T00:27:25+08:00" level=info msg="[:client] Authenticated with switch server, client id: 74806ef848f5b18f30abc90fcae5ee88"
time="2026-03-20T00:31:25+08:00" level=error msg="control recovering from failure EOF"
time="2026-03-20T00:31:25+08:00" level=info msg="Waiting 1 seconds before reconnecting"
time="2026-03-20T00:31:26+08:00" level=info msg="Dial:current try times 0"
time="2026-03-20T00:31:26+08:00" level=info msg="currentDNSServer = SYSTEM_DNS"
time="2026-03-20T00:31:26+08:00" level=error msg="TimeOut Error"
time="2026-03-20T00:31:26+08:00" level=info msg="[:client] Authenticated with switch server, client id: 74806ef848f5b18f30abc90fcae5ee88"
time="2026-03-20T00:39:26+08:00" level=error msg="control recovering from failure EOF"
time="2026-03-20T00:39:26+08:00" level=info msg="Waiting 1 seconds before reconnecting"
time="2026-03-20T00:39:27+08:00" level=info msg="Dial:current try times 0"
time="2026-03-20T00:39:27+08:00" level=info msg="currentDNSServer = SYSTEM_DNS"
time="2026-03-20T00:39:27+08:00" level=error msg="TimeOut Error"
time="2026-03-20T00:39:28+08:00" level=info msg="[:client] Authenticated with switch server, client id: 74806ef848f5b18f30abc90fcae5ee88"
time="2026-03-20T01:29:28+08:00" level=error msg="control recovering from failure EOF"
time="2026-03-20T01:29:28+08:00" level=info msg="Waiting 1 seconds before reconnecting"
time="2026-03-20T01:29:29+08:00" level=info msg="Dial:current try times 0"
time="2026-03-20T01:29:29+08:00" level=info msg="currentDNSServer = SYSTEM_DNS"
time="2026-03-20T01:29:29+08:00" level=error msg="TimeOut Error"
time="2026-03-20T01:29:29+08:00" level=info msg="[:client] Authenticated with switch server, client id: 74806ef848f5b18f30abc90fcae5ee88"
time="2026-03-20T01:58:29+08:00" level=error msg="control recovering from failure EOF"
time="2026-03-20T01:58:29+08:00" level=info msg="Waiting 1 seconds before reconnecting"
time="2026-03-20T01:58:30+08:00" level=info msg="Dial:current try times 0"
time="2026-03-20T01:58:30+08:00" level=info msg="currentDNSServer = SYSTEM_DNS"
time="2026-03-20T01:58:30+08:00" level=error msg="TimeOut Error"
time="2026-03-20T01:58:30+08:00" level=info msg="[:client] Authenticated with switch server, client id: 74806ef848f5b18f30abc90fcae5ee88"
time="2026-03-20T03:11:30+08:00" level=error msg="control recovering from failure EOF"
time="2026-03-20T03:11:30+08:00" level=info msg="Waiting 1 seconds before reconnecting"
time="2026-03-20T03:11:31+08:00" level=info msg="Dial:current try times 0"
time="2026-03-20T03:11:31+08:00" level=info msg="currentDNSServer = SYSTEM_DNS"
time="2026-03-20T03:11:32+08:00" level=error msg="TimeOut Error"
time="2026-03-20T03:11:32+08:00" level=info msg="[:client] Authenticated with switch server, client id: 74806ef848f5b18f30abc90fcae5ee88"
time="2026-03-20T03:17:32+08:00" level=error msg="control recovering from failure EOF"
time="2026-03-20T03:17:32+08:00" level=info msg="Waiting 1 seconds before reconnecting"
time="2026-03-20T03:17:33+08:00" level=info msg="Dial:current try times 0"
time="2026-03-20T03:17:33+08:00" level=info msg="currentDNSServer = SYSTEM_DNS"
time="2026-03-20T03:17:33+08:00" level=error msg="TimeOut Error"
time="2026-03-20T03:17:33+08:00" level=info msg="[:client] Authenticated with switch server, client id: 74806ef848f5b18f30abc90fcae5ee88"
time="2026-03-20T03:53:33+08:00" level=error msg="control recovering from failure EOF"
time="2026-03-20T03:53:33+08:00" level=info msg="Waiting 1 seconds before reconnecting"
time="2026-03-20T03:53:34+08:00" level=info msg="Dial:current try times 0"
time="2026-03-20T03:53:34+08:00" level=info msg="currentDNSServer = SYSTEM_DNS"
time="2026-03-20T03:53:34+08:00" level=error msg="TimeOut Error"
time="2026-03-20T03:53:35+08:00" level=info msg="[:client] Authenticated with switch server, client id: 74806ef848f5b18f30abc90fcae5ee88"
time="2026-03-20T04:05:35+08:00" level=error msg="control recovering from failure EOF"
time="2026-03-20T04:05:35+08:00" level=info msg="Waiting 1 seconds before reconnecting"
time="2026-03-20T04:05:36+08:00" level=info msg="Dial:current try times 0"
time="2026-03-20T04:05:36+08:00" level=info msg="currentDNSServer = SYSTEM_DNS"
time="2026-03-20T04:05:36+08:00" level=error msg="TimeOut Error"
time="2026-03-20T04:05:36+08:00" level=info msg="[:client] Authenticated with switch server, client id: 74806ef848f5b18f30abc90fcae5ee88"
time="2026-03-20T04:27:36+08:00" level=error msg="control recovering from failure EOF"
time="2026-03-20T04:27:36+08:00" level=info msg="Waiting 1 seconds before reconnecting"
time="2026-03-20T04:27:37+08:00" level=info msg="Dial:current try times 0"
time="2026-03-20T04:27:37+08:00" level=info msg="currentDNSServer = SYSTEM_DNS"
time="2026-03-20T04:27:37+08:00" level=error msg="TimeOut Error"
time="2026-03-20T04:27:38+08:00" level=info msg="[:client] Authenticated with switch server, client id: 74806ef848f5b18f30abc90fcae5ee88"
time="2026-03-20T04:36:38+08:00" level=error msg="control recovering from failure EOF"
time="2026-03-20T04:36:38+08:00" level=info msg="Waiting 1 seconds before reconnecting"
time="2026-03-20T04:36:39+08:00" level=info msg="Dial:current try times 0"
time="2026-03-20T04:36:39+08:00" level=info msg="currentDNSServer = SYSTEM_DNS"
time="2026-03-20T04:36:39+08:00" level=error msg="TimeOut Error"
time="2026-03-20T04:36:39+08:00" level=info msg="[:client] Authenticated with switch server, client id: 74806ef848f5b18f30abc90fcae5ee88"
time="2026-03-20T04:46:39+08:00" level=error msg="control recovering from failure EOF"
time="2026-03-20T04:46:39+08:00" level=info msg="Waiting 1 seconds before reconnecting"
time="2026-03-20T04:46:40+08:00" level=info msg="Dial:current try times 0"
time="2026-03-20T04:46:40+08:00" level=info msg="currentDNSServer = SYSTEM_DNS"
time="2026-03-20T04:46:40+08:00" level=error msg="TimeOut Error"
time="2026-03-20T04:46:40+08:00" level=info msg="[:client] Authenticated with switch server, client id: 74806ef848f5b18f30abc90fcae5ee88"
time="2026-03-20T04:54:41+08:00" level=error msg="control recovering from failure EOF"
time="2026-03-20T04:54:41+08:00" level=info msg="Waiting 1 seconds before reconnecting"
time="2026-03-20T04:54:42+08:00" level=info msg="Dial:current try times 0"
time="2026-03-20T04:54:42+08:00" level=info msg="currentDNSServer = SYSTEM_DNS"
time="2026-03-20T04:54:42+08:00" level=error msg="TimeOut Error"
time="2026-03-20T04:54:42+08:00" level=info msg="[:client] Authenticated with switch server, client id: 74806ef848f5b18f30abc90fcae5ee88"
time="2026-03-20T06:11:42+08:00" level=error msg="control recovering from failure EOF"
time="2026-03-20T06:11:42+08:00" level=info msg="Waiting 1 seconds before reconnecting"
time="2026-03-20T06:11:43+08:00" level=info msg="Dial:current try times 0"
time="2026-03-20T06:11:43+08:00" level=info msg="currentDNSServer = SYSTEM_DNS"
time="2026-03-20T06:11:43+08:00" level=error msg="TimeOut Error"
time="2026-03-20T06:11:44+08:00" level=info msg="[:client] Authenticated with switch server, client id: 74806ef848f5b18f30abc90fcae5ee88"
time="2026-03-20T06:12:44+08:00" level=error msg="control recovering from failure EOF"
time="2026-03-20T06:12:44+08:00" level=info msg="Waiting 1 seconds before reconnecting"
time="2026-03-20T06:12:45+08:00" level=info msg="Dial:current try times 0"
time="2026-03-20T06:12:45+08:00" level=info msg="currentDNSServer = SYSTEM_DNS"
time="2026-03-20T06:12:45+08:00" level=error msg="TimeOut Error"
time="2026-03-20T06:12:45+08:00" level=info msg="[:client] Authenticated with switch server, client id: 74806ef848f5b18f30abc90fcae5ee88"
time="2026-03-20T06:57:45+08:00" level=error msg="control recovering from failure EOF"
time="2026-03-20T06:57:45+08:00" level=info msg="Waiting 1 seconds before reconnecting"
time="2026-03-20T06:57:46+08:00" level=info msg="Dial:current try times 0"
time="2026-03-20T06:57:46+08:00" level=info msg="currentDNSServer = SYSTEM_DNS"
time="2026-03-20T06:57:46+08:00" level=error msg="TimeOut Error"
time="2026-03-20T06:57:47+08:00" level=info msg="[:client] Authenticated with switch server, client id: 74806ef848f5b18f30abc90fcae5ee88"
time="2026-03-20T07:24:48+08:00" level=error msg="tunnel server control recovering from failure EOF"
time="2026-03-20T07:24:48+08:00" level=info msg="Dial:current try times 0"
time="2026-03-20T07:24:48+08:00" level=info msg="currentDNSServer = SYSTEM_DNS"
time="2026-03-20T07:24:49+08:00" level=info msg="[:tunnel server module] Authenticated with tunnel server, client id: 74806ef848f5b18f30abc90fcae5ee88"
time="2026-03-20T07:24:49+08:00" level=info msg="Dial:current try times 0"
time="2026-03-20T07:24:49+08:00" level=info msg="currentDNSServer = SYSTEM_DNS"
time="2026-03-20T07:24:51+08:00" level=info msg="[:tunnel server module] Tunnel established at http://5c03452c.r18.vip.cpolar.cn"
time="2026-03-20T07:24:51+08:00" level=info msg="[:tunnel server module] Tunnel established at https://5c03452c.r18.vip.cpolar.cn"
time="2026-03-20T07:25:34+08:00" level=error msg="[pxy:pxy:51a961d2] Server failed to read StartProxy: read tcp 192.168.1.3:50301->47.243.78.83:4443: i/o timeout"
time="2026-03-20T07:42:47+08:00" level=error msg="control recovering from failure EOF"
time="2026-03-20T07:42:47+08:00" level=info msg="Waiting 1 seconds before reconnecting"
time="2026-03-20T07:42:48+08:00" level=info msg="Dial:current try times 0"
time="2026-03-20T07:42:48+08:00" level=info msg="currentDNSServer = SYSTEM_DNS"
time="2026-03-20T07:42:48+08:00" level=error msg="TimeOut Error"
time="2026-03-20T07:42:48+08:00" level=info msg="[:client] Authenticated with switch server, client id: 74806ef848f5b18f30abc90fcae5ee88"
time="2026-03-20T08:20:48+08:00" level=error msg="control recovering from failure EOF"
time="2026-03-20T08:20:48+08:00" level=info msg="Waiting 1 seconds before reconnecting"
time="2026-03-20T08:20:49+08:00" level=info msg="Dial:current try times 0"
time="2026-03-20T08:20:49+08:00" level=info msg="currentDNSServer = SYSTEM_DNS"
time="2026-03-20T08:20:49+08:00" level=error msg="TimeOut Error"
time="2026-03-20T08:20:50+08:00" level=info msg="[:client] Authenticated with switch server, client id: 74806ef848f5b18f30abc90fcae5ee88"
time="2026-03-20T08:23:50+08:00" level=error msg="control recovering from failure EOF"
time="2026-03-20T08:23:50+08:00" level=info msg="Waiting 1 seconds before reconnecting"
time="2026-03-20T08:23:51+08:00" level=info msg="Dial:current try times 0"
time="2026-03-20T08:23:51+08:00" level=info msg="currentDNSServer = SYSTEM_DNS"
time="2026-03-20T08:23:51+08:00" level=error msg="TimeOut Error"
time="2026-03-20T08:23:51+08:00" level=info msg="[:client] Authenticated with switch server, client id: 74806ef848f5b18f30abc90fcae5ee88"
time="2026-03-20T08:42:51+08:00" level=error msg="control recovering from failure EOF"
time="2026-03-20T08:42:51+08:00" level=info msg="Waiting 1 seconds before reconnecting"
time="2026-03-20T08:42:52+08:00" level=info msg="Dial:current try times 0"
time="2026-03-20T08:42:52+08:00" level=info msg="currentDNSServer = SYSTEM_DNS"
time="2026-03-20T08:42:52+08:00" level=error msg="TimeOut Error"
time="2026-03-20T08:42:53+08:00" level=info msg="[:client] Authenticated with switch server, client id: 74806ef848f5b18f30abc90fcae5ee88"
time="2026-03-20T09:19:53+08:00" level=error msg="control recovering from failure EOF"
time="2026-03-20T09:19:53+08:00" level=info msg="Waiting 1 seconds before reconnecting"
time="2026-03-20T09:19:54+08:00" level=info msg="Dial:current try times 0"
time="2026-03-20T09:19:54+08:00" level=info msg="currentDNSServer = SYSTEM_DNS"
time="2026-03-20T09:19:54+08:00" level=error msg="TimeOut Error"
time="2026-03-20T09:19:54+08:00" level=info msg="[:client] Authenticated with switch server, client id: 74806ef848f5b18f30abc90fcae5ee88"
time="2026-03-20T09:25:54+08:00" level=error msg="control recovering from failure EOF"
time="2026-03-20T09:25:54+08:00" level=info msg="Waiting 1 seconds before reconnecting"
time="2026-03-20T09:25:55+08:00" level=info msg="Dial:current try times 0"
time="2026-03-20T09:25:55+08:00" level=info msg="currentDNSServer = SYSTEM_DNS"
time="2026-03-20T09:25:55+08:00" level=error msg="TimeOut Error"
time="2026-03-20T09:25:56+08:00" level=info msg="[:client] Authenticated with switch server, client id: 74806ef848f5b18f30abc90fcae5ee88"
time="2026-03-20T10:42:56+08:00" level=error msg="control recovering from failure EOF"
time="2026-03-20T10:42:56+08:00" level=info msg="Waiting 1 seconds before reconnecting"
time="2026-03-20T10:42:57+08:00" level=info msg="Dial:current try times 0"
time="2026-03-20T10:42:57+08:00" level=info msg="currentDNSServer = SYSTEM_DNS"
time="2026-03-20T10:42:57+08:00" level=error msg="TimeOut Error"
time="2026-03-20T10:42:57+08:00" level=info msg="[:client] Authenticated with switch server, client id: 74806ef848f5b18f30abc90fcae5ee88"
time="2026-03-20T10:50:57+08:00" level=error msg="control recovering from failure EOF"
time="2026-03-20T10:50:57+08:00" level=info msg="Waiting 1 seconds before reconnecting"
time="2026-03-20T10:50:58+08:00" level=info msg="Dial:current try times 0"
time="2026-03-20T10:50:58+08:00" level=info msg="currentDNSServer = SYSTEM_DNS"
time="2026-03-20T10:50:58+08:00" level=error msg="TimeOut Error"
time="2026-03-20T10:50:59+08:00" level=info msg="[:client] Authenticated with switch server, client id: 74806ef848f5b18f30abc90fcae5ee88"
time="2026-03-20T13:01:59+08:00" level=error msg="control recovering from failure EOF"
time="2026-03-20T13:01:59+08:00" level=info msg="Waiting 1 seconds before reconnecting"
time="2026-03-20T13:02:00+08:00" level=info msg="Dial:current try times 0"
time="2026-03-20T13:02:00+08:00" level=info msg="currentDNSServer = SYSTEM_DNS"
time="2026-03-20T13:02:00+08:00" level=error msg="TimeOut Error"
time="2026-03-20T13:02:00+08:00" level=info msg="[:client] Authenticated with switch server, client id: 74806ef848f5b18f30abc90fcae5ee88"
